<?xml version="1.0" encoding="UTF-8"?>
<!-- Generated by org.testng.reporters.JUnitXMLReporter -->
<testsuite ignored="0" hostname="DESKTOP-G0B7K2D" failures="0" tests="6" name="Default test" time="0.038" errors="0" timestamp="2022-05-21T17:05:12 CDT">
  <testcase classname="te.Days4" name="LoginAPIhomeloan" time="0.005"/>
  <testcase classname="te.Days4" name="MobileLoginhomeloan" time="0.001"/>
  <testcase classname="te.Days4" name="Webloginhomeloan" time="0.0"/>
  <testcase classname="te.Days4" name="shaheenMOHSIN" time="0.001"/>
  <testcase classname="te.Days4" name="shaheenMOHSIN" time="0.0"/>
  <testcase classname="te.Days4" name="shaheenMOHSIN" time="0.001"/>
</testsuite> <!-- Default test -->
