<?xml version="1.0" encoding="UTF-8"?>
<!-- Generated by org.testng.reporters.JUnitXMLReporter -->
<testsuite ignored="0" hostname="DESKTOP-G0B7K2D" failures="0" tests="9" name="Test" time="0.044" errors="0" timestamp="2022-05-04T11:24:23 CDT">
  <testcase classname="te.Days4" name="LoginAPIcarloan" time="0.006"/>
  <testcase classname="te.Days4" name="MobileLogincarloan" time="0.001"/>
  <testcase classname="te.Days4" name="Webloginhomeloan" time="0.001"/>
  <testcase classname="te.Days2" name="ploan" time="0.001"/>
  <testcase classname="te.Days3" name="LoginAPIcarloan" time="0.001"/>
  <testcase classname="te.Days3" name="MobileLogincarloan" time="0.001"/>
  <testcase classname="te.Days3" name="Weblogincarloan" time="0.0"/>
  <testcase classname="te.Days1" name="Demo" time="0.001"/>
  <testcase classname="te.Days1" name="SecondTest" time="0.001"/>
</testsuite> <!-- Test -->
