<?xml version="1.0" encoding="UTF-8"?>
<!-- Generated by org.testng.reporters.JUnitXMLReporter -->
<testsuite ignored="2" hostname="DESKTOP-G0B7K2D" failures="0" tests="2" name="car Loan" time="0.009" errors="0" timestamp="2022-05-24T22:36:16 CDT">
  <testcase classname="te.Days3" name="APIcarloan" time="0.001"/>
  <testcase classname="te.Days3" name="Weblogincarloan" time="0.001"/>
  <testcase classname="te.Days3" name="Mobilesignincarloan" time="0.0">
    <ignored/>
  </testcase> <!-- Mobilesignincarloan -->
  <testcase classname="te.Days3" name="MobileLogincarloan" time="0.0">
    <ignored/>
  </testcase> <!-- MobileLogincarloan -->
</testsuite> <!-- car Loan -->
