<?xml version="1.0" encoding="UTF-8"?>
<!-- Generated by org.testng.reporters.JUnitXMLReporter -->
<testsuite ignored="5" hostname="DESKTOP-G0B7K2D" failures="0" tests="4" name="Regression" time="0.036" errors="0" timestamp="2022-05-10T12:48:52 CDT">
  <testcase classname="te.Days1" name="Demo" time="0.005"/>
  <testcase classname="te.Days2" name="ploan" time="0.001"/>
  <testcase classname="te.Days3" name="MobileLogincarloan" time="0.001"/>
  <testcase classname="te.Days4" name="MobileLoginhomeloan" time="0.001"/>
  <testcase classname="te.Days1" name="SecondTest" time="0.0">
    <ignored/>
  </testcase> <!-- SecondTest -->
  <testcase classname="te.Days4" name="Webloginhomeloan" time="0.0">
    <ignored/>
  </testcase> <!-- Webloginhomeloan -->
  <testcase classname="te.Days3" name="Weblogincarloan" time="0.0">
    <ignored/>
  </testcase> <!-- Weblogincarloan -->
  <testcase classname="te.Days3" name="LoginAPIcarloan" time="0.0">
    <ignored/>
  </testcase> <!-- LoginAPIcarloan -->
  <testcase classname="te.Days4" name="LoginAPIhomeloan" time="0.0">
    <ignored/>
  </testcase> <!-- LoginAPIhomeloan -->
</testsuite> <!-- Regression -->
